2019-12-03 11:55:10 - Starting C:\Program Files\nodejs\node.exe  --harmony C:\Projects\NitroPDA\node_modules\node-windows\lib\wrapper.js --file C:\Projects\NitroPDA\server.js --log "NitroGen PDA wrapper" --grow 0.25 --wait 1 --maxrestarts 3 --abortonerror n --stopparentfirst undefined
2019-12-03 11:55:10 - Started 6704
2019-12-03 16:16:36 - Stopping nitrogenpda.exe
2019-12-03 16:16:36 - ProcessKill 6704
2019-12-03 16:16:36 - Found child process: 15184 Name: conhost.exe
2019-12-03 16:16:37 - Found child process: 6780 Name: node.exe
2019-12-03 16:16:37 - Stopping process 15184
2019-12-03 16:16:37 - Send SIGINT 15184
2019-12-03 16:16:37 - SIGINT to 15184 failed - Killing as fallback
2019-12-03 16:16:37 - Stopping process 6780
2019-12-03 16:16:37 - Send SIGINT 6780
2019-12-03 16:16:37 - SIGINT to 6780 failed - Killing as fallback
2019-12-03 16:16:37 - Stopping process 6704
2019-12-03 16:16:37 - Send SIGINT 6704
2019-12-03 16:16:37 - SIGINT to 6704 failed - Killing as fallback
2019-12-03 16:16:37 - Finished nitrogenpda.exe
2019-12-05 10:00:50 - Starting C:\Program Files\nodejs\node.exe  --harmony C:\Projects\NitroPDA\node_modules\node-windows\lib\wrapper.js --file C:\Projects\NitroPDA\server.js --log "NitroGen PDA wrapper" --grow 0.25 --wait 1 --maxrestarts 3 --abortonerror n --stopparentfirst undefined
2019-12-12 10:08:51 - Starting C:\Program Files\nodejs\node.exe  --harmony C:\Projects\NitroPDA\node_modules\node-windows\lib\wrapper.js --file C:\Projects\NitroPDA\server.js --log "NitroGen PDA wrapper" --grow 0.25 --wait 1 --maxrestarts 3 --abortonerror n --stopparentfirst undefined
2019-12-12 10:08:53 - Started 5760
2019-12-19 08:57:39 - Starting C:\Program Files\nodejs\node.exe  --harmony C:\Projects\NitroPDA\node_modules\node-windows\lib\wrapper.js --file C:\Projects\NitroPDA\server.js --log "NitroGen PDA wrapper" --grow 0.25 --wait 1 --maxrestarts 3 --abortonerror n --stopparentfirst undefined
2019-12-19 08:57:39 - Started 5948
2019-12-19 14:24:25 - Stopping nitrogenpda.exe
2019-12-19 14:24:25 - ProcessKill 5948
2019-12-19 14:24:28 - Found child process: 5380 Name: conhost.exe
2019-12-19 14:24:28 - Found child process: 5736 Name: node.exe
2019-12-19 14:24:28 - Stopping process 5380
2019-12-19 14:24:29 - Send SIGINT 5380
2019-12-19 14:24:30 - SIGINT to 5380 failed - Killing as fallback
2019-12-19 14:24:30 - Stopping process 5736
2019-12-19 14:24:31 - Send SIGINT 5736
2019-12-19 14:24:31 - SIGINT to 5736 failed - Killing as fallback
2019-12-19 14:24:31 - Stopping process 5948
2019-12-19 14:24:31 - Send SIGINT 5948
2019-12-19 14:24:31 - SIGINT to 5948 failed - Killing as fallback
2019-12-19 14:24:31 - Finished nitrogenpda.exe
2019-12-26 09:39:01 - Starting C:\Program Files\nodejs\node.exe  --harmony C:\Projects\NitroPDA\node_modules\node-windows\lib\wrapper.js --file C:\Projects\NitroPDA\server.js --log "NitroGen PDA wrapper" --grow 0.25 --wait 1 --maxrestarts 3 --abortonerror n --stopparentfirst undefined
2019-12-26 09:39:02 - Started 4688
2020-01-03 12:11:19 - Stopping nitrogenpda.exe
2020-01-03 12:11:19 - ProcessKill 4688
2020-01-03 12:11:20 - Found child process: 5252 Name: conhost.exe
2020-01-03 12:11:20 - Found child process: 5916 Name: node.exe
2020-01-03 12:11:20 - Stopping process 5252
2020-01-03 12:11:20 - Send SIGINT 5252
2020-01-03 12:11:20 - SIGINT to 5252 failed - Killing as fallback
2020-01-03 12:11:20 - Stopping process 5916
2020-01-03 12:11:20 - Send SIGINT 5916
2020-01-03 12:11:20 - SIGINT to 5916 failed - Killing as fallback
2020-01-03 12:11:20 - Stopping process 4688
2020-01-03 12:11:21 - Send SIGINT 4688
2020-01-03 12:11:21 - SIGINT to 4688 failed - Killing as fallback
2020-01-03 12:11:21 - Finished nitrogenpda.exe
2020-01-08 11:50:06 - Starting C:\Program Files\nodejs\node.exe  --harmony C:\Projects\NitroPDA\node_modules\node-windows\lib\wrapper.js --file C:\Projects\NitroPDA\server.js --log "NitroGen PDA wrapper" --grow 0.25 --wait 1 --maxrestarts 3 --abortonerror n --stopparentfirst undefined
2020-01-08 11:50:06 - Started 13816
2020-01-08 11:50:20 - Stopping nitrogenpda.exe
2020-01-08 11:50:20 - ProcessKill 13816
2020-01-08 11:50:20 - Found child process: 2836 Name: conhost.exe
2020-01-08 11:50:20 - Found child process: 16852 Name: node.exe
2020-01-08 11:50:21 - Stopping process 2836
2020-01-08 11:50:21 - Send SIGINT 2836
2020-01-08 11:50:21 - SIGINT to 2836 failed - Killing as fallback
2020-01-08 11:50:21 - Stopping process 16852
2020-01-08 11:50:21 - Send SIGINT 16852
2020-01-08 11:50:21 - SIGINT to 16852 failed - Killing as fallback
2020-01-08 11:50:21 - Stopping process 13816
2020-01-08 11:50:21 - Send SIGINT 13816
2020-01-08 11:50:21 - SIGINT to 13816 failed - Killing as fallback
2020-01-08 11:50:21 - Finished nitrogenpda.exe
